1655268951849	geckodriver	INFO	Listening on 127.0.0.1:50321
1655268952333	mozrunner::runner	INFO	Running command: "/usr/bin/firefox" "--marionette" "--remote-debugging-port" "60149" "-no-remote" "-profile" "/tmp/rust_mozprofilenA8z2T"
ATTENTION: default value of option mesa_glthread overridden by environment.
ATTENTION: default value of option mesa_glthread overridden by environment.
ATTENTION: default value of option mesa_glthread overridden by environment.
ATTENTION: default value of option mesa_glthread overridden by environment.
1655268953201	Marionette	INFO	Marionette enabled
console.warn: SearchSettings: "get: No settings file exists, new profile?" (new NotFoundError("Could not open the file at /tmp/rust_mozprofilenA8z2T/search.json.mozlz4", (void 0)))
DevTools listening on ws://localhost:60149/devtools/browser/e78b54d5-ad36-4a7c-a324-5bc2314df5ee
1655268954190	Marionette	INFO	Listening on port 41957
1655268954253	RemoteAgent	WARN	TLS certificate errors will be ignored for this session
1655268958327	Marionette	INFO	Stopped listening on port 41957
console.warn: TopSitesFeed: Failed to fetch data from Contile server: NetworkError when attempting to fetch resource.
Sandbox: Unexpected EOF, op 0 flags 00 path /proc/cpuinfo
1655269018132	geckodriver	INFO	Listening on 127.0.0.1:43317
1655269018641	mozrunner::runner	INFO	Running command: "/usr/bin/firefox" "--marionette" "--remote-debugging-port" "34311" "-no-remote" "-profile" "/tmp/rust_mozprofileu56j7t"
ATTENTION: default value of option mesa_glthread overridden by environment.
ATTENTION: default value of option mesa_glthread overridden by environment.
ATTENTION: default value of option mesa_glthread overridden by environment.
ATTENTION: default value of option mesa_glthread overridden by environment.
1655269019487	Marionette	INFO	Marionette enabled
console.warn: SearchSettings: "get: No settings file exists, new profile?" (new NotFoundError("Could not open the file at /tmp/rust_mozprofileu56j7t/search.json.mozlz4", (void 0)))
DevTools listening on ws://localhost:34311/devtools/browser/b2c58205-31ee-4525-922f-5e685664526a
1655269020340	Marionette	INFO	Listening on port 44795
1655269020356	RemoteAgent	WARN	TLS certificate errors will be ignored for this session
1655269117531	Marionette	INFO	Stopped listening on port 44795
console.warn: TopSitesFeed: Failed to fetch data from Contile server: NetworkError when attempting to fetch resource.

###!!! [Parent][PImageBridgeParent] Error: RunMessage(msgname=PImageBridge::Msg_WillClose) Channel closing: too late to send/recv, messages will be lost

1655293606001	geckodriver	INFO	Listening on 127.0.0.1:41639
1655293606513	mozrunner::runner	INFO	Running command: "/usr/bin/firefox" "--marionette" "--remote-debugging-port" "55995" "-no-remote" "-profile" "/tmp/rust_mozprofilevLnqVN"
ATTENTION: default value of option mesa_glthread overridden by environment.
ATTENTION: default value of option mesa_glthread overridden by environment.
ATTENTION: default value of option mesa_glthread overridden by environment.
ATTENTION: default value of option mesa_glthread overridden by environment.
1655293607332	Marionette	INFO	Marionette enabled
console.warn: SearchSettings: "get: No settings file exists, new profile?" (new NotFoundError("Could not open the file at /tmp/rust_mozprofilevLnqVN/search.json.mozlz4", (void 0)))
DevTools listening on ws://localhost:55995/devtools/browser/492f0dac-4ea0-42be-9058-45aa83b4bc42
1655293608134	Marionette	INFO	Listening on port 36091
1655293608257	RemoteAgent	WARN	TLS certificate errors will be ignored for this session
1655293655516	Marionette	INFO	Stopped listening on port 36091
console.warn: TopSitesFeed: Failed to fetch data from Contile server: NetworkError when attempting to fetch resource.

###!!! [Parent][PImageBridgeParent] Error: RunMessage(msgname=PImageBridge::Msg_WillClose) Channel closing: too late to send/recv, messages will be lost

1655293768737	geckodriver	INFO	Listening on 127.0.0.1:43887
1655293769249	mozrunner::runner	INFO	Running command: "/usr/bin/firefox" "--marionette" "--remote-debugging-port" "56867" "-no-remote" "-profile" "/tmp/rust_mozprofileSkY6KH"
ATTENTION: default value of option mesa_glthread overridden by environment.
ATTENTION: default value of option mesa_glthread overridden by environment.
ATTENTION: default value of option mesa_glthread overridden by environment.
ATTENTION: default value of option mesa_glthread overridden by environment.
1655293769980	Marionette	INFO	Marionette enabled
console.warn: SearchSettings: "get: No settings file exists, new profile?" (new NotFoundError("Could not open the file at /tmp/rust_mozprofileSkY6KH/search.json.mozlz4", (void 0)))
DevTools listening on ws://localhost:56867/devtools/browser/3fa22aa9-9bd5-4994-b5c4-bbbe98a37bf3
1655293770910	Marionette	INFO	Listening on port 46661
1655293770966	RemoteAgent	WARN	TLS certificate errors will be ignored for this session
1655293782575	geckodriver	INFO	Listening on 127.0.0.1:49011
1655293782579	mozrunner::runner	INFO	Running command: "/usr/bin/firefox" "--marionette" "--remote-debugging-port" "39081" "-no-remote" "-profile" "/tmp/rust_mozprofileVQ4rqq"
ATTENTION: default value of option mesa_glthread overridden by environment.
ATTENTION: default value of option mesa_glthread overridden by environment.
ATTENTION: default value of option mesa_glthread overridden by environment.
ATTENTION: default value of option mesa_glthread overridden by environment.
1655293783351	Marionette	INFO	Marionette enabled
console.warn: SearchSettings: "get: No settings file exists, new profile?" (new NotFoundError("Could not open the file at /tmp/rust_mozprofileVQ4rqq/search.json.mozlz4", (void 0)))
DevTools listening on ws://localhost:39081/devtools/browser/4770097a-cd5f-4b6c-8760-a42ae17be96b
1655293784149	Marionette	INFO	Listening on port 40193
1655293784205	RemoteAgent	WARN	TLS certificate errors will be ignored for this session
1655293787750	Marionette	INFO	Stopped listening on port 46661
console.warn: TopSitesFeed: Failed to fetch data from Contile server: NetworkError when attempting to fetch resource.

###!!! [Parent][PImageBridgeParent] Error: RunMessage(msgname=PImageBridge::Msg_WillClose) Channel closing: too late to send/recv, messages will be lost

Sandbox: Unexpected EOF, op 0 flags 00 path /proc/cpuinfo
1655294058312	Marionette	INFO	Stopped listening on port 40193
console.warn: TopSitesFeed: Failed to fetch data from Contile server: NetworkError when attempting to fetch resource.

###!!! [Parent][PImageBridgeParent] Error: RunMessage(msgname=PImageBridge::Msg_WillClose) Channel closing: too late to send/recv, messages will be lost

1655297110828	geckodriver	INFO	Listening on 127.0.0.1:34547
1655297111335	mozrunner::runner	INFO	Running command: "/usr/bin/firefox" "--marionette" "--remote-debugging-port" "60631" "-no-remote" "-profile" "/tmp/rust_mozprofileyiVVXF"
ATTENTION: default value of option mesa_glthread overridden by environment.
ATTENTION: default value of option mesa_glthread overridden by environment.
ATTENTION: default value of option mesa_glthread overridden by environment.
ATTENTION: default value of option mesa_glthread overridden by environment.
1655297112087	Marionette	INFO	Marionette enabled
console.warn: SearchSettings: "get: No settings file exists, new profile?" (new NotFoundError("Could not open the file at /tmp/rust_mozprofileyiVVXF/search.json.mozlz4", (void 0)))
DevTools listening on ws://localhost:60631/devtools/browser/4291f722-a07c-46ce-a071-665fa7197423
1655297112923	Marionette	INFO	Listening on port 35697
1655297112949	RemoteAgent	WARN	TLS certificate errors will be ignored for this session
1655297165506	Marionette	INFO	Stopped listening on port 35697
console.warn: TopSitesFeed: Failed to fetch data from Contile server: NetworkError when attempting to fetch resource.

###!!! [Parent][PImageBridgeParent] Error: RunMessage(msgname=PImageBridge::Msg_WillClose) Channel closing: too late to send/recv, messages will be lost

1655297296175	geckodriver	INFO	Listening on 127.0.0.1:40705
1655297296177	mozrunner::runner	INFO	Running command: "/usr/bin/firefox" "--marionette" "--remote-debugging-port" "56675" "-no-remote" "-profile" "/tmp/rust_mozprofileS1oRXX"
ATTENTION: default value of option mesa_glthread overridden by environment.
ATTENTION: default value of option mesa_glthread overridden by environment.
ATTENTION: default value of option mesa_glthread overridden by environment.
ATTENTION: default value of option mesa_glthread overridden by environment.
1655297296939	Marionette	INFO	Marionette enabled
console.warn: SearchSettings: "get: No settings file exists, new profile?" (new NotFoundError("Could not open the file at /tmp/rust_mozprofileS1oRXX/search.json.mozlz4", (void 0)))
DevTools listening on ws://localhost:56675/devtools/browser/f3370410-4052-4ad0-8a80-186aa0aeed24
1655297297839	Marionette	INFO	Listening on port 40115
1655297297892	RemoteAgent	WARN	TLS certificate errors will be ignored for this session
1655297412489	Marionette	INFO	Stopped listening on port 40115
console.warn: TopSitesFeed: Failed to fetch data from Contile server: NetworkError when attempting to fetch resource.

###!!! [Parent][PImageBridgeParent] Error: RunMessage(msgname=PImageBridge::Msg_WillClose) Channel closing: too late to send/recv, messages will be lost

1655297420584	geckodriver	INFO	Listening on 127.0.0.1:51513
1655297421096	mozrunner::runner	INFO	Running command: "/usr/bin/firefox" "--marionette" "--remote-debugging-port" "34951" "-no-remote" "-profile" "/tmp/rust_mozprofileymARPa"
ATTENTION: default value of option mesa_glthread overridden by environment.
ATTENTION: default value of option mesa_glthread overridden by environment.
ATTENTION: default value of option mesa_glthread overridden by environment.
ATTENTION: default value of option mesa_glthread overridden by environment.
1655297421783	Marionette	INFO	Marionette enabled
console.warn: SearchSettings: "get: No settings file exists, new profile?" (new NotFoundError("Could not open the file at /tmp/rust_mozprofileymARPa/search.json.mozlz4", (void 0)))
DevTools listening on ws://localhost:34951/devtools/browser/50c6095a-ca61-4ad6-a679-c6bfab5eb7c3
1655297422660	Marionette	INFO	Listening on port 41517
1655297422725	RemoteAgent	WARN	TLS certificate errors will be ignored for this session
JavaScript warning: https://js.checkout.com/framesv2/6.js, line 2: WEBGL_debug_renderer_info is deprecated in Firefox and will be removed. Please use RENDERER.
Sandbox: attempt to open unexpected file /sys/devices/system/cpu/cpu0/cache/index2/size
Sandbox: attempt to open unexpected file /sys/devices/system/cpu/cpu0/cache/index3/size
Sandbox: attempt to open unexpected file /sys/devices/system/cpu/present
Sandbox: attempt to open unexpected file /sys/devices/system/cpu
Sandbox: unexpected multiple open of file /proc/cpuinfo
1655297536191	Marionette	INFO	Stopped listening on port 41517
console.warn: TopSitesFeed: Failed to fetch data from Contile server: NetworkError when attempting to fetch resource.

###!!! [Parent][PImageBridgeParent] Error: RunMessage(msgname=PImageBridge::Msg_WillClose) Channel closing: too late to send/recv, messages will be lost

Sandbox: Unexpected EOF, op 0 flags 00 path /proc/cpuinfo
1655301043046	geckodriver	INFO	Listening on 127.0.0.1:43305
1655301043049	mozrunner::runner	INFO	Running command: "/usr/bin/firefox" "--marionette" "--remote-debugging-port" "47315" "-no-remote" "-profile" "/tmp/rust_mozprofiledPRIOH"
ATTENTION: default value of option mesa_glthread overridden by environment.
ATTENTION: default value of option mesa_glthread overridden by environment.
ATTENTION: default value of option mesa_glthread overridden by environment.
ATTENTION: default value of option mesa_glthread overridden by environment.
1655301043793	Marionette	INFO	Marionette enabled
console.warn: SearchSettings: "get: No settings file exists, new profile?" (new NotFoundError("Could not open the file at /tmp/rust_mozprofiledPRIOH/search.json.mozlz4", (void 0)))
DevTools listening on ws://localhost:47315/devtools/browser/74cb4ab4-3cff-4fb3-a8d9-e967166168b2
1655301044682	Marionette	INFO	Listening on port 40373
1655301044795	RemoteAgent	WARN	TLS certificate errors will be ignored for this session
JavaScript warning: https://js.checkout.com/framesv2/6.js, line 2: WEBGL_debug_renderer_info is deprecated in Firefox and will be removed. Please use RENDERER.
JavaScript error: https://js.checkout.com/framesv2/6.js, line 2: NS_ERROR_FAILURE: 
Sandbox: attempt to open unexpected file /sys/devices/system/cpu/cpu0/cache/index2/size
Sandbox: attempt to open unexpected file /sys/devices/system/cpu/cpu0/cache/index3/size
Sandbox: attempt to open unexpected file /sys/devices/system/cpu/present
Sandbox: attempt to open unexpected file /sys/devices/system/cpu
Sandbox: unexpected multiple open of file /proc/cpuinfo
1655301095864	Marionette	INFO	Stopped listening on port 40373
console.warn: TopSitesFeed: Failed to fetch data from Contile server: NetworkError when attempting to fetch resource.
JavaScript error: chrome://remote/content/marionette/cert.js, line 55: NS_ERROR_NOT_AVAILABLE: Component returned failure code: 0x80040111 (NS_ERROR_NOT_AVAILABLE) [nsICertOverrideService.setDisableAllSecurityChecksAndLetAttackersInterceptMyData]

###!!! [Parent][PImageBridgeParent] Error: RunMessage(msgname=PImageBridge::Msg_WillClose) Channel closing: too late to send/recv, messages will be lost

Sandbox: Unexpected EOF, op 0 flags 00 path /proc/cpuinfo
1655301108069	geckodriver::marionette	ERROR	Failed to close browser connection: Socket not connected (os error 107)
1655301156142	geckodriver	INFO	Listening on 127.0.0.1:33073
1655301156652	mozrunner::runner	INFO	Running command: "/usr/bin/firefox" "--marionette" "--remote-debugging-port" "37917" "-no-remote" "-profile" "/tmp/rust_mozprofileNZFs0A"
ATTENTION: default value of option mesa_glthread overridden by environment.
ATTENTION: default value of option mesa_glthread overridden by environment.
ATTENTION: default value of option mesa_glthread overridden by environment.
ATTENTION: default value of option mesa_glthread overridden by environment.
1655301157457	Marionette	INFO	Marionette enabled
console.warn: SearchSettings: "get: No settings file exists, new profile?" (new NotFoundError("Could not open the file at /tmp/rust_mozprofileNZFs0A/search.json.mozlz4", (void 0)))
DevTools listening on ws://localhost:37917/devtools/browser/8512d782-9aa0-4cf9-9e56-2ec36de78291
1655301158396	Marionette	INFO	Listening on port 36207
1655301158492	RemoteAgent	WARN	TLS certificate errors will be ignored for this session
1655301181009	Marionette	INFO	Stopped listening on port 36207
console.warn: TopSitesFeed: Failed to fetch data from Contile server: NetworkError when attempting to fetch resource.

###!!! [Parent][PImageBridgeParent] Error: RunMessage(msgname=PImageBridge::Msg_WillClose) Channel closing: too late to send/recv, messages will be lost

Sandbox: Unexpected EOF, op 0 flags 00 path /proc/cpuinfo
1655302734101	geckodriver	INFO	Listening on 127.0.0.1:53291
1655302734103	mozrunner::runner	INFO	Running command: "/usr/bin/firefox" "--marionette" "--remote-debugging-port" "49685" "-no-remote" "-profile" "/tmp/rust_mozprofileNiAZHN"
ATTENTION: default value of option mesa_glthread overridden by environment.
ATTENTION: default value of option mesa_glthread overridden by environment.
ATTENTION: default value of option mesa_glthread overridden by environment.
ATTENTION: default value of option mesa_glthread overridden by environment.
1655302734857	Marionette	INFO	Marionette enabled
console.warn: SearchSettings: "get: No settings file exists, new profile?" (new NotFoundError("Could not open the file at /tmp/rust_mozprofileNiAZHN/search.json.mozlz4", (void 0)))
DevTools listening on ws://localhost:49685/devtools/browser/f5747d1d-7147-4cd0-b41f-1648cdddbaf6
1655302735713	Marionette	INFO	Listening on port 37557
1655302735844	RemoteAgent	WARN	TLS certificate errors will be ignored for this session
Exiting due to channel error.
Exiting due to channel error.
Exiting due to channel error.
1655303716491	geckodriver	INFO	Listening on 127.0.0.1:55461
1655303717001	mozrunner::runner	INFO	Running command: "/usr/bin/firefox" "--marionette" "--remote-debugging-port" "56367" "-no-remote" "-profile" "/tmp/rust_mozprofileURnM4A"
ATTENTION: default value of option mesa_glthread overridden by environment.
ATTENTION: default value of option mesa_glthread overridden by environment.
ATTENTION: default value of option mesa_glthread overridden by environment.
ATTENTION: default value of option mesa_glthread overridden by environment.
1655303717800	Marionette	INFO	Marionette enabled
console.warn: SearchSettings: "get: No settings file exists, new profile?" (new NotFoundError("Could not open the file at /tmp/rust_mozprofileURnM4A/search.json.mozlz4", (void 0)))
DevTools listening on ws://localhost:56367/devtools/browser/b41f639e-031b-45ab-803d-365531d740bd
1655303718704	Marionette	INFO	Listening on port 43247
1655303718715	RemoteAgent	WARN	TLS certificate errors will be ignored for this session
1655303800208	Marionette	WARN	TimedPromise timed out after 500 ms: stacktrace:
TimedPromise/<@chrome://remote/content/marionette/sync.js:235:19
TimedPromise@chrome://remote/content/marionette/sync.js:220:10
interaction.flushEventLoop@chrome://remote/content/marionette/interaction.js:431:10
webdriverClickElement@chrome://remote/content/marionette/interaction.js:179:31
Sandbox: attempt to open unexpected file /sys/devices/system/cpu/cpu0/cache/index2/size
Sandbox: attempt to open unexpected file /sys/devices/system/cpu/cpu0/cache/index3/size
Sandbox: attempt to open unexpected file /sys/devices/system/cpu/present
Sandbox: attempt to open unexpected file /sys/devices/system/cpu
Sandbox: unexpected multiple open of file /proc/cpuinfo
JavaScript warning: https://js.checkout.com/framesv2/6.js, line 2: WEBGL_debug_renderer_info is deprecated in Firefox and will be removed. Please use RENDERER.
1655303857403	geckodriver	INFO	Listening on 127.0.0.1:51827
1655303857406	mozrunner::runner	INFO	Running command: "/usr/bin/firefox" "--marionette" "--remote-debugging-port" "37531" "-no-remote" "-profile" "/tmp/rust_mozprofileuZbH9g"
ATTENTION: default value of option mesa_glthread overridden by environment.
ATTENTION: default value of option mesa_glthread overridden by environment.
ATTENTION: default value of option mesa_glthread overridden by environment.
ATTENTION: default value of option mesa_glthread overridden by environment.
1655303858220	Marionette	INFO	Marionette enabled
console.warn: SearchSettings: "get: No settings file exists, new profile?" (new NotFoundError("Could not open the file at /tmp/rust_mozprofileuZbH9g/search.json.mozlz4", (void 0)))
DevTools listening on ws://localhost:37531/devtools/browser/409b15a2-e51c-4679-aefe-f80ac21fd0e6
1655303859082	Marionette	INFO	Listening on port 42571
1655303859119	RemoteAgent	WARN	TLS certificate errors will be ignored for this session
1655303877244	Marionette	WARN	TimedPromise timed out after 500 ms: stacktrace:
TimedPromise/<@chrome://remote/content/marionette/sync.js:235:19
TimedPromise@chrome://remote/content/marionette/sync.js:220:10
interaction.flushEventLoop@chrome://remote/content/marionette/interaction.js:431:10
webdriverClickElement@chrome://remote/content/marionette/interaction.js:179:31
1655306398384	Marionette	INFO	Stopped listening on port 42571
console.warn: TopSitesFeed: Failed to fetch data from Contile server: NetworkError when attempting to fetch resource.

###!!! [Parent][PImageBridgeParent] Error: RunMessage(msgname=PImageBridge::Msg_WillClose) Channel closing: too late to send/recv, messages will be lost

Sandbox: Unexpected EOF, op 0 flags 00 path /proc/cpuinfo
1655306406983	Marionette	INFO	Stopped listening on port 43247
console.warn: TopSitesFeed: Failed to fetch data from Contile server: NetworkError when attempting to fetch resource.

###!!! [Parent][PImageBridgeParent] Error: RunMessage(msgname=PImageBridge::Msg_WillClose) Channel closing: too late to send/recv, messages will be lost

